#
# There is insufficient memory for the Java Runtime Environment to continue.
# Native memory allocation (malloc) failed to allocate 1562304 bytes for Chunk::new
# Possible reasons:
#   The system is out of physical RAM or swap space
#   In 32 bit mode, the process size limit was hit
# Possible solutions:
#   Reduce memory load on the system
#   Increase physical memory or swap space
#   Check if swap backing store is full
#   Use 64 bit Java on a 64 bit OS
#   Decrease Java heap size (-Xmx/-Xms)
#   Decrease number of Java threads
#   Decrease Java thread stack sizes (-Xss)
#   Set larger code cache with -XX:ReservedCodeCacheSize=
# This output file may be truncated or incomplete.
#
#  Out of Memory Error (allocation.cpp:390), pid=20180, tid=0x00000000000048e4
#
# JRE version: Java(TM) SE Runtime Environment (8.0_111-b14) (build 1.8.0_111-b14)
# Java VM: Java HotSpot(TM) 64-Bit Server VM (25.111-b14 mixed mode windows-amd64 compressed oops)
# Failed to write core dump. Minidumps are not enabled by default on client versions of Windows
#

---------------  T H R E A D  ---------------

Current thread (0x0000000019510000):  JavaThread "C2 CompilerThread1" daemon [_thread_in_native, id=18660, stack(0x0000000019e00000,0x0000000019f00000)]

Stack: [0x0000000019e00000,0x0000000019f00000]
[error occurred during error reporting (printing stack bounds), id 0xc0000005]

Native frames: (J=compiled Java code, j=interpreted, Vv=VM code, C=native code)


Current CompileTask:
C2:  14319 4795       4       lombok.core.AST::buildWithField (21 bytes)


---------------  P R O C E S S  ---------------

Java Threads: ( => current thread )
  0x0000000019549800 JavaThread "Service Thread" daemon [_thread_blocked, id=20848, stack(0x000000001a100000,0x000000001a200000)]
  0x000000001951d000 JavaThread "C1 CompilerThread3" daemon [_thread_blocked, id=21836, stack(0x000000001a000000,0x000000001a100000)]
  0x0000000019514000 JavaThread "C2 CompilerThread2" daemon [_thread_in_native, id=8004, stack(0x0000000019f00000,0x000000001a000000)]
=>0x0000000019510000 JavaThread "C2 CompilerThread1" daemon [_thread_in_native, id=18660, stack(0x0000000019e00000,0x0000000019f00000)]
  0x000000001950c800 JavaThread "C2 CompilerThread0" daemon [_thread_in_native, id=16960, stack(0x0000000019d00000,0x0000000019e00000)]
  0x0000000019509800 JavaThread "Attach Listener" daemon [_thread_blocked, id=22584, stack(0x0000000019c00000,0x0000000019d00000)]
  0x000000001760e800 JavaThread "Signal Dispatcher" daemon [_thread_blocked, id=21564, stack(0x0000000019b00000,0x0000000019c00000)]
  0x0000000019500800 JavaThread "Finalizer" daemon [_thread_blocked, id=14228, stack(0x00000000198e0000,0x00000000199e0000)]
  0x0000000002847000 JavaThread "Reference Handler" daemon [_thread_blocked, id=6024, stack(0x00000000193e0000,0x00000000194e0000)]
  0x000000000264e000 JavaThread "main" [_thread_in_Java, id=5436, stack(0x0000000002650000,0x0000000002750000)]

Other Threads:
  0x00000000175f9000 VMThread [stack: 0x00000000192e0000,0x00000000193e0000] [id=10380]
  0x000000001954d000 WatcherThread [stack: 0x000000001a200000,0x000000001a300000] [id=17012]

VM state:not at safepoint (normal execution)

VM Mutex/Monitor currently owned by a thread: None

Heap:
 PSYoungGen      total 242688K, used 108852K [0x00000000d6f00000, 0x00000000e7c00000, 0x0000000100000000)
  eden space 220160K, 47% used [0x00000000d6f00000,0x00000000dd5df1c8,0x00000000e4600000)
  from space 22528K, 15% used [0x00000000e6600000,0x00000000e696de58,0x00000000e7c00000)
  to   space 27648K, 0% used [0x00000000e4600000,0x00000000e4600000,0x00000000e6100000)
 ParOldGen       total 83456K, used 56409K [0x0000000084c00000, 0x0000000089d80000, 0x00000000d6f00000)
  object space 83456K, 67% used [0x0000000084c00000,0x0000000088316438,0x0000000089d80000)
 Metaspace       used 23939K, capacity 24684K, committed 24832K, reserved 1071104K
  class space    used 2793K, capacity 2968K, committed 3072K, reserved 1048576K

Card table byte_map: [0x0000000011c10000,0x0000000011ff0000] byte_map_base: 0x00000000117ea000

Marking Bits: (ParMarkBitMap*) 0x000000006172a6c0
 Begin Bits: [0x0000000012a90000, 0x0000000014960000)
 End Bits:   [0x0000000014960000, 0x0000000016830000)

Polling page: 0x0000000000b80000

CodeCache: size=245760Kb used=18970Kb max_used=18970Kb free=226789Kb
 bounds [0x0000000002850000, 0x0000000003af0000, 0x0000000011850000]
 total_blobs=4981 nmethods=4594 adapters=299
 compilation: enabled

Compilation events (10 events):
Event: 14.164 Thread 0x000000001951d000 5178   !   2       lombok.javac.Javac::createVoidType (123 bytes)
Event: 14.165 Thread 0x000000001951d000 nmethod 5178 0x0000000003adfe90 code [0x0000000003ae0120, 0x0000000003ae0ba8]
Event: 14.166 Thread 0x000000001951d000 5180   !   2       sun.reflect.GeneratedMethodAccessor37::invoke (73 bytes)
Event: 14.167 Thread 0x000000001951d000 nmethod 5180 0x0000000003ae16d0 code [0x0000000003ae18a0, 0x0000000003ae1e88]
Event: 14.186 Thread 0x000000001951d000 5181       2       com.sun.tools.javac.tree.TreeScanner::visitParens (9 bytes)
Event: 14.186 Thread 0x000000001951d000 nmethod 5181 0x0000000003ae2310 code [0x0000000003ae2480, 0x0000000003ae2608]
Event: 14.205 Thread 0x000000001951d000 5182       3       lombok.javac.handlers.JavacHandlerUtil::removePrefixFromField (254 bytes)
Event: 14.209 Thread 0x000000001951d000 nmethod 5182 0x0000000003ae26d0 code [0x0000000003ae2d20, 0x0000000003ae7608]
Event: 14.209 Thread 0x000000001951d000 5183       3       com.sun.tools.javac.util.Convert::chars2utf (159 bytes)
Event: 14.210 Thread 0x000000001951d000 nmethod 5183 0x0000000003ae9bd0 code [0x0000000003ae9d60, 0x0000000003aea150]

GC Heap History (10 events):
Event: 8.333 GC heap before
{Heap before GC invocations=9 (full 1):
 PSYoungGen      total 128512K, used 13290K [0x00000000d6f00000, 0x00000000e1000000, 0x0000000100000000)
  eden space 115200K, 0% used [0x00000000d6f00000,0x00000000d6f00000,0x00000000ddf80000)
  from space 13312K, 99% used [0x00000000df400000,0x00000000e00fab50,0x00000000e0100000)
  to   space 20992K, 0% used [0x00000000ddf80000,0x00000000ddf80000,0x00000000df400000)
 ParOldGen       total 84992K, used 27699K [0x0000000084c00000, 0x0000000089f00000, 0x00000000d6f00000)
  object space 84992K, 32% used [0x0000000084c00000,0x000000008670cfd8,0x0000000089f00000)
 Metaspace       used 20563K, capacity 21160K, committed 21296K, reserved 1069056K
  class space    used 2499K, capacity 2661K, committed 2688K, reserved 1048576K
Event: 8.504 GC heap after
Heap after GC invocations=9 (full 1):
 PSYoungGen      total 128512K, used 0K [0x00000000d6f00000, 0x00000000e1000000, 0x0000000100000000)
  eden space 115200K, 0% used [0x00000000d6f00000,0x00000000d6f00000,0x00000000ddf80000)
  from space 13312K, 0% used [0x00000000df400000,0x00000000df400000,0x00000000e0100000)
  to   space 20992K, 0% used [0x00000000ddf80000,0x00000000ddf80000,0x00000000df400000)
 ParOldGen       total 83456K, used 33170K [0x0000000084c00000, 0x0000000089d80000, 0x00000000d6f00000)
  object space 83456K, 39% used [0x0000000084c00000,0x0000000086c64980,0x0000000089d80000)
 Metaspace       used 20563K, capacity 21160K, committed 21296K, reserved 1069056K
  class space    used 2499K, capacity 2661K, committed 2688K, reserved 1048576K
}
Event: 11.707 GC heap before
{Heap before GC invocations=10 (full 1):
 PSYoungGen      total 128512K, used 115200K [0x00000000d6f00000, 0x00000000e1000000, 0x0000000100000000)
  eden space 115200K, 100% used [0x00000000d6f00000,0x00000000ddf80000,0x00000000ddf80000)
  from space 13312K, 0% used [0x00000000df400000,0x00000000df400000,0x00000000e0100000)
  to   space 20992K, 0% used [0x00000000ddf80000,0x00000000ddf80000,0x00000000df400000)
 ParOldGen       total 83456K, used 33170K [0x0000000084c00000, 0x0000000089d80000, 0x00000000d6f00000)
  object space 83456K, 39% used [0x0000000084c00000,0x0000000086c64980,0x0000000089d80000)
 Metaspace       used 22577K, capacity 23214K, committed 23424K, reserved 1069056K
  class space    used 2667K, capacity 2835K, committed 2944K, reserved 1048576K
Event: 11.723 GC heap after
Heap after GC invocations=10 (full 1):
 PSYoungGen      total 136192K, used 20975K [0x00000000d6f00000, 0x00000000e3d80000, 0x0000000100000000)
  eden space 115200K, 0% used [0x00000000d6f00000,0x00000000d6f00000,0x00000000ddf80000)
  from space 20992K, 99% used [0x00000000ddf80000,0x00000000df3fbcd8,0x00000000df400000)
  to   space 24576K, 0% used [0x00000000e2580000,0x00000000e2580000,0x00000000e3d80000)
 ParOldGen       total 83456K, used 34163K [0x0000000084c00000, 0x0000000089d80000, 0x00000000d6f00000)
  object space 83456K, 40% used [0x0000000084c00000,0x0000000086d5ce60,0x0000000089d80000)
 Metaspace       used 22577K, capacity 23214K, committed 23424K, reserved 1069056K
  class space    used 2667K, capacity 2835K, committed 2944K, reserved 1048576K
}
Event: 12.163 GC heap before
{Heap before GC invocations=11 (full 1):
 PSYoungGen      total 136192K, used 136175K [0x00000000d6f00000, 0x00000000e3d80000, 0x0000000100000000)
  eden space 115200K, 100% used [0x00000000d6f00000,0x00000000ddf80000,0x00000000ddf80000)
  from space 20992K, 99% used [0x00000000ddf80000,0x00000000df3fbcd8,0x00000000df400000)
  to   space 24576K, 0% used [0x00000000e2580000,0x00000000e2580000,0x00000000e3d80000)
 ParOldGen       total 83456K, used 34163K [0x0000000084c00000, 0x0000000089d80000, 0x00000000d6f00000)
  object space 83456K, 40% used [0x0000000084c00000,0x0000000086d5ce60,0x0000000089d80000)
 Metaspace       used 23263K, capacity 23936K, committed 24192K, reserved 1071104K
  class space    used 2731K, capacity 2902K, committed 2944K, reserved 1048576K
Event: 12.185 GC heap after
Heap after GC invocations=11 (full 1):
 PSYoungGen      total 184320K, used 22757K [0x00000000d6f00000, 0x00000000e4300000, 0x0000000100000000)
  eden space 159744K, 0% used [0x00000000d6f00000,0x00000000d6f00000,0x00000000e0b00000)
  from space 24576K, 92% used [0x00000000e2580000,0x00000000e3bb9690,0x00000000e3d80000)
  to   space 27136K, 0% used [0x00000000e0b00000,0x00000000e0b00000,0x00000000e2580000)
 ParOldGen       total 83456K, used 34171K [0x0000000084c00000, 0x0000000089d80000, 0x00000000d6f00000)
  object space 83456K, 40% used [0x0000000084c00000,0x0000000086d5ee60,0x0000000089d80000)
 Metaspace       used 23263K, capacity 23936K, committed 24192K, reserved 1071104K
  class space    used 2731K, capacity 2902K, committed 2944K, reserved 1048576K
}
Event: 12.981 GC heap before
{Heap before GC invocations=12 (full 1):
 PSYoungGen      total 184320K, used 182501K [0x00000000d6f00000, 0x00000000e4300000, 0x0000000100000000)
  eden space 159744K, 100% used [0x00000000d6f00000,0x00000000e0b00000,0x00000000e0b00000)
  from space 24576K, 92% used [0x00000000e2580000,0x00000000e3bb9690,0x00000000e3d80000)
  to   space 27136K, 0% used [0x00000000e0b00000,0x00000000e0b00000,0x00000000e2580000)
 ParOldGen       total 83456K, used 34171K [0x0000000084c00000, 0x0000000089d80000, 0x00000000d6f00000)
  object space 83456K, 40% used [0x0000000084c00000,0x0000000086d5ee60,0x0000000089d80000)
 Metaspace       used 23267K, capacity 23936K, committed 24192K, reserved 1071104K
  class space    used 2732K, capacity 2902K, committed 2944K, reserved 1048576K
Event: 13.011 GC heap after
Heap after GC invocations=12 (full 1):
 PSYoungGen      total 186880K, used 96K [0x00000000d6f00000, 0x00000000e8180000, 0x0000000100000000)
  eden space 159744K, 0% used [0x00000000d6f00000,0x00000000d6f00000,0x00000000e0b00000)
  from space 27136K, 0% used [0x00000000e0b00000,0x00000000e0b18000,0x00000000e2580000)
  to   space 28160K, 0% used [0x00000000e6600000,0x00000000e6600000,0x00000000e8180000)
 ParOldGen       total 83456K, used 56385K [0x0000000084c00000, 0x0000000089d80000, 0x00000000d6f00000)
  object space 83456K, 67% used [0x0000000084c00000,0x0000000088310438,0x0000000089d80000)
 Metaspace       used 23267K, capacity 23936K, committed 24192K, reserved 1071104K
  class space    used 2732K, capacity 2902K, committed 2944K, reserved 1048576K
}
Event: 14.004 GC heap before
{Heap before GC invocations=13 (full 1):
 PSYoungGen      total 186880K, used 159840K [0x00000000d6f00000, 0x00000000e8180000, 0x0000000100000000)
  eden space 159744K, 100% used [0x00000000d6f00000,0x00000000e0b00000,0x00000000e0b00000)
  from space 27136K, 0% used [0x00000000e0b00000,0x00000000e0b18000,0x00000000e2580000)
  to   space 28160K, 0% used [0x00000000e6600000,0x00000000e6600000,0x00000000e8180000)
 ParOldGen       total 83456K, used 56385K [0x0000000084c00000, 0x0000000089d80000, 0x00000000d6f00000)
  object space 83456K, 67% used [0x0000000084c00000,0x0000000088310438,0x0000000089d80000)
 Metaspace       used 23866K, capacity 24602K, committed 24832K, reserved 1071104K
  class space    used 2791K, capacity 2965K, committed 3072K, reserved 1048576K
Event: 14.015 GC heap after
Heap after GC invocations=13 (full 1):
 PSYoungGen      total 242688K, used 3511K [0x00000000d6f00000, 0x00000000e7c00000, 0x0000000100000000)
  eden space 220160K, 0% used [0x00000000d6f00000,0x00000000d6f00000,0x00000000e4600000)
  from space 22528K, 15% used [0x00000000e6600000,0x00000000e696de58,0x00000000e7c00000)
  to   space 27648K, 0% used [0x00000000e4600000,0x00000000e4600000,0x00000000e6100000)
 ParOldGen       total 83456K, used 56409K [0x0000000084c00000, 0x0000000089d80000, 0x00000000d6f00000)
  object space 83456K, 67% used [0x0000000084c00000,0x0000000088316438,0x0000000089d80000)
 Metaspace       used 23866K, capacity 24602K, committed 24832K, reserved 1071104K
  class space    used 2791K, capacity 2965K, committed 3072K, reserved 1048576K
}

Deoptimization events (10 events):
Event: 12.370 Thread 0x000000000264e000 Uncommon trap: reason=unstable_if action=reinterpret pc=0x000000000397caac method=lombok.javac.JavacAST.buildStatementOrExpression(Lcom/sun/tools/javac/tree/JCTree;)Llombok/javac/JavacNode; @ 79
Event: 12.491 Thread 0x000000000264e000 Uncommon trap: reason=unstable_if action=reinterpret pc=0x00000000039d2c08 method=lombok.javac.JavacAST.buildStatementOrExpression(Lcom/sun/tools/javac/tree/JCTree;)Llombok/javac/JavacNode; @ 79
Event: 12.491 Thread 0x000000000264e000 Uncommon trap: reason=unstable_if action=reinterpret pc=0x00000000039a7820 method=lombok.javac.JavacAST.buildStatementOrExpression(Lcom/sun/tools/javac/tree/JCTree;)Llombok/javac/JavacNode; @ 79
Event: 13.378 Thread 0x000000000264e000 Uncommon trap: reason=unstable_if action=reinterpret pc=0x000000000378c564 method=java.util.HashMap.removeNode(ILjava/lang/Object;Ljava/lang/Object;ZZ)Ljava/util/HashMap$Node; @ 62
Event: 13.687 Thread 0x000000000264e000 Uncommon trap: reason=unstable_if action=reinterpret pc=0x000000000361d18c method=com.sun.tools.javac.code.Scope.lookup(Lcom/sun/tools/javac/util/Name;Lcom/sun/tools/javac/util/Filter;)Lcom/sun/tools/javac/code/Scope$Entry; @ 19
Event: 13.726 Thread 0x000000000264e000 Uncommon trap: reason=unstable_if action=reinterpret pc=0x0000000003650aa8 method=com.sun.tools.javac.code.Scope.lookup(Lcom/sun/tools/javac/util/Name;Lcom/sun/tools/javac/util/Filter;)Lcom/sun/tools/javac/code/Scope$Entry; @ 19
Event: 13.784 Thread 0x000000000264e000 Uncommon trap: reason=unstable_if action=reinterpret pc=0x00000000032aea4c method=lombok.core.configuration.FileSystemSourceCache.parseIfNeccesary(Llombok/core/configuration/ConfigurationFile;Llombok/core/configuration/ConfigurationParser;)Llombok/core/co
Event: 14.094 Thread 0x000000000264e000 Uncommon trap: reason=unstable_if action=reinterpret pc=0x000000000336cbac method=com.sun.tools.javac.util.Convert.utf2chars([BI[CII)I @ 91
Event: 14.095 Thread 0x000000000264e000 Uncommon trap: reason=unstable_if action=reinterpret pc=0x00000000037119b0 method=com.sun.tools.javac.util.Convert.utf2chars([BI[CII)I @ 91
Event: 14.095 Thread 0x000000000264e000 Uncommon trap: reason=unstable_if action=reinterpret pc=0x000000000327570c method=com.sun.tools.javac.util.Convert.chars2utf([CI[BII)I @ 35

Internal exceptions (10 events):
Event: 2.081 Thread 0x000000000264e000 Implicit null exception at 0x0000000002b2a72f to 0x0000000002b2a799
Event: 2.092 Thread 0x000000000264e000 Implicit null exception at 0x0000000002e2ba58 to 0x0000000002e2ccdd
Event: 2.149 Thread 0x000000000264e000 Implicit null exception at 0x0000000002e10769 to 0x0000000002e11001
Event: 2.149 Thread 0x000000000264e000 Implicit null exception at 0x0000000002b8eefb to 0x0000000002b8f4b9
Event: 6.309 Thread 0x000000000264e000 Implicit null exception at 0x00000000030d3bb1 to 0x00000000030d4d21
Event: 8.610 Thread 0x000000000264e000 Exception <a 'java/io/FileNotFoundException'> (0x00000000d732b990) thrown at [C:\re\workspace\8-2-build-windows-amd64-cygwin\jdk8u111\7883\hotspot\src\share\vm\prims\jni.cpp, line 709]
Event: 8.621 Thread 0x000000000264e000 Exception <a 'java/io/FileNotFoundException'> (0x00000000d735f5f0) thrown at [C:\re\workspace\8-2-build-windows-amd64-cygwin\jdk8u111\7883\hotspot\src\share\vm\prims\jni.cpp, line 709]
Event: 9.613 Thread 0x000000000264e000 Implicit null exception at 0x000000000352e218 to 0x000000000352e24e
Event: 11.380 Thread 0x000000000264e000 Implicit null exception at 0x00000000037e890d to 0x00000000037e90e1
Event: 13.377 Thread 0x000000000264e000 Implicit null exception at 0x000000000378c176 to 0x000000000378c533

Events (10 events):
Event: 14.094 Thread 0x000000000264e000 DEOPT PACKING pc=0x000000000336cbac sp=0x000000000274cad0
Event: 14.094 Thread 0x000000000264e000 DEOPT UNPACKING pc=0x000000000289582a sp=0x000000000274c9a0 mode 2
Event: 14.095 Thread 0x000000000264e000 Uncommon trap: trap_request=0xffffff65 fr.pc=0x00000000037119b0
Event: 14.095 Thread 0x000000000264e000 DEOPT PACKING pc=0x00000000037119b0 sp=0x000000000274cb40
Event: 14.095 Thread 0x000000000264e000 DEOPT UNPACKING pc=0x000000000289582a sp=0x000000000274caa8 mode 2
Event: 14.095 Thread 0x000000000264e000 Uncommon trap: trap_request=0xffffff65 fr.pc=0x000000000327570c
Event: 14.095 Thread 0x000000000264e000 DEOPT PACKING pc=0x000000000327570c sp=0x000000000274c6b0
Event: 14.095 Thread 0x000000000264e000 DEOPT UNPACKING pc=0x000000000289582a sp=0x000000000274c618 mode 2
Event: 14.205 Thread 0x000000000264e000 DEOPT PACKING pc=0x000000000331dc71 sp=0x000000000274c8d0
Event: 14.205 Thread 0x000000000264e000 DEOPT UNPACKING pc=0x000000000289787f sp=0x000000000274c700 mode 0


Dynamic libraries:
0x00007ff783690000 - 0x00007ff7836c7000 	C:\Program Files\Java\jdk1.8.0_111\bin\java.exe
0x00007ffdfb730000 - 0x00007ffdfb928000 	C:\Windows\SYSTEM32\ntdll.dll
0x00007ffdf9aa0000 - 0x00007ffdf9b5d000 	C:\Windows\System32\KERNEL32.DLL
0x00007ffdf9470000 - 0x00007ffdf9766000 	C:\Windows\System32\KERNELBASE.dll
0x00007ffdefad0000 - 0x00007ffdefb60000 	C:\Windows\SYSTEM32\apphelp.dll
0x00007ffdf9c70000 - 0x00007ffdf9d20000 	C:\Windows\System32\ADVAPI32.dll
0x00007ffdfb150000 - 0x00007ffdfb1ee000 	C:\Windows\System32\msvcrt.dll
0x00007ffdfaf60000 - 0x00007ffdfb000000 	C:\Windows\System32\sechost.dll
0x00007ffdf9e80000 - 0x00007ffdf9fa3000 	C:\Windows\System32\RPCRT4.dll
0x00007ffdf8df0000 - 0x00007ffdf8e17000 	C:\Windows\System32\bcrypt.dll
0x00007ffdfa040000 - 0x00007ffdfa1df000 	C:\Windows\System32\USER32.dll
0x00007ffdf90e0000 - 0x00007ffdf9102000 	C:\Windows\System32\win32u.dll
0x00007ffdf9fb0000 - 0x00007ffdf9fdb000 	C:\Windows\System32\GDI32.dll
0x00007ffdf8f70000 - 0x00007ffdf9087000 	C:\Windows\System32\gdi32full.dll
0x00007ffdf8ed0000 - 0x00007ffdf8f6d000 	C:\Windows\System32\msvcp_win.dll
0x00007ffdf9110000 - 0x00007ffdf9210000 	C:\Windows\System32\ucrtbase.dll
0x00007ffde7860000 - 0x00007ffde7afa000 	C:\Windows\WinSxS\amd64_microsoft.windows.common-controls_6595b64144ccf1df_6.0.19041.4355_none_60b8b9eb71f62e16\COMCTL32.dll
0x00007ffdfb070000 - 0x00007ffdfb09f000 	C:\Windows\System32\IMM32.DLL
0x0000000060e30000 - 0x0000000060f02000 	C:\Program Files\Java\jdk1.8.0_111\jre\bin\msvcr100.dll
0x0000000060f10000 - 0x00000000617aa000 	C:\Program Files\Java\jdk1.8.0_111\jre\bin\server\jvm.dll
0x00007ffdfb380000 - 0x00007ffdfb388000 	C:\Windows\System32\PSAPI.DLL
0x00007ffddeef0000 - 0x00007ffddef17000 	C:\Windows\SYSTEM32\WINMM.dll
0x00007ffdde580000 - 0x00007ffdde589000 	C:\Windows\SYSTEM32\WSOCK32.dll
0x00007ffdfb000000 - 0x00007ffdfb06b000 	C:\Windows\System32\WS2_32.dll
0x00007ffdf1080000 - 0x00007ffdf108a000 	C:\Windows\SYSTEM32\VERSION.dll
0x0000000060de0000 - 0x0000000060def000 	C:\Program Files\Java\jdk1.8.0_111\jre\bin\verify.dll
0x0000000060db0000 - 0x0000000060dd9000 	C:\Program Files\Java\jdk1.8.0_111\jre\bin\java.dll
0x0000000060d90000 - 0x0000000060da6000 	C:\Program Files\Java\jdk1.8.0_111\jre\bin\zip.dll
0x00007ffdfa290000 - 0x00007ffdfa9fc000 	C:\Windows\System32\SHELL32.dll
0x00007ffdf6940000 - 0x00007ffdf70dd000 	C:\Windows\SYSTEM32\windows.storage.dll
0x00007ffdfb390000 - 0x00007ffdfb6e3000 	C:\Windows\System32\combase.dll
0x00007ffdf8730000 - 0x00007ffdf875e000 	C:\Windows\SYSTEM32\Wldp.dll
0x00007ffdf9b90000 - 0x00007ffdf9c5d000 	C:\Windows\System32\OLEAUT32.dll
0x00007ffdfb0a0000 - 0x00007ffdfb14d000 	C:\Windows\System32\SHCORE.dll
0x00007ffdfb320000 - 0x00007ffdfb375000 	C:\Windows\System32\shlwapi.dll
0x00007ffdf8d20000 - 0x00007ffdf8d44000 	C:\Windows\SYSTEM32\profapi.dll
0x0000000060d70000 - 0x0000000060d8a000 	C:\Program Files\Java\jdk1.8.0_111\jre\bin\net.dll
0x00007ffdf8510000 - 0x00007ffdf857a000 	C:\Windows\system32\mswsock.dll
0x0000000060d50000 - 0x0000000060d61000 	C:\Program Files\Java\jdk1.8.0_111\jre\bin\nio.dll

VM Arguments:
jvm_args: -Dclassworlds.conf=C:\Program Files\NetBeans-11.3\netbeans\java\maven\bin\m2.conf -Dmaven.home=C:\Program Files\NetBeans-11.3\netbeans\java\maven -Dmaven.multiModuleProjectDirectory=C:\Users\user\Documents\AzureDevOps\Servidor 
java_command: org.codehaus.plexus.classworlds.launcher.Launcher -Dmaven.ext.class.path=C:\Program Files\NetBeans-11.3\netbeans\java\maven-nblib\netbeans-eventspy.jar -Dfile.encoding=UTF-8 clean compile assembly:single
java_class_path (initial): C:\Program Files\NetBeans-11.3\netbeans\java\maven\boot\plexus-classworlds-2.5.2.jar
Launcher Type: SUN_STANDARD

Environment Variables:
JAVA_HOME=C:\Program Files\Java\jdk1.8.0_111
PATH=C:\Windows\system32;C:\Windows;C:\Windows\System32\Wbem;C:\Windows\System32\WindowsPowerShell\v1.0\;C:\Windows\System32\OpenSSH\;C:\Program Files\Git\cmd;C:\Users\user\AppData\Roaming\nvm;C:\Program Files\nodejs;C:\Program Files\Java\jdk1.8.0_111\bin;C:\Program Files\Java\jdk-17\bin;C:\Program Files\MySQL\MySQL Server 5.6\bin;C:\Program Files\PuTTY\;C:\Program Files\OpenLogic\jdk-8.0.412.08-hotspot\bin;C:\Program Files (x86)\HBT Interface - R\;;C:\Program Files\Docker\Docker\resources\bin;C:\Users\user\AppData\Local\Microsoft\WindowsApps;C:\Users\user\AppData\Local\GitHubDesktop\bin;C:\Users\user\AppData\Local\Programs\Microsoft VS Code\bin;C:\Users\user\AppData\Roaming\npm
USERNAME=user
OS=Windows_NT
PROCESSOR_IDENTIFIER=Intel64 Family 6 Model 140 Stepping 1, GenuineIntel



---------------  S Y S T E M  ---------------

OS: Windows 10.0 , 64 bit Build 19041 (10.0.19041.3636)

CPU:total 8 (4 cores per cpu, 2 threads per core) family 6 model 140 stepping 1, cmov, cx8, fxsr, mmx, sse, sse2, sse3, ssse3, sse4.1, sse4.2, popcnt, avx, avx2, aes, clmul, erms, 3dnowpref, lzcnt, ht, tsc, tscinvbit, bmi1, bmi2, adx

Memory: 4k page, physical 8075800k(33108k free), swap 33241624k(4156k free)

vm_info: Java HotSpot(TM) 64-Bit Server VM (25.111-b14) for windows-amd64 JRE (1.8.0_111-b14), built on Sep 22 2016 19:24:05 by "java_re" with MS VC++ 10.0 (VS2010)

time: Mon Jun 24 11:01:11 2024
elapsed time: 14 seconds (0d 0h 0m 14s)

