#
# There is insufficient memory for the Java Runtime Environment to continue.
# Native memory allocation (malloc) failed to allocate 984256 bytes for Chunk::new
# Possible reasons:
#   The system is out of physical RAM or swap space
#   In 32 bit mode, the process size limit was hit
# Possible solutions:
#   Reduce memory load on the system
#   Increase physical memory or swap space
#   Check if swap backing store is full
#   Use 64 bit Java on a 64 bit OS
#   Decrease Java heap size (-Xmx/-Xms)
#   Decrease number of Java threads
#   Decrease Java thread stack sizes (-Xss)
#   Set larger code cache with -XX:ReservedCodeCacheSize=
# This output file may be truncated or incomplete.
#
#  Out of Memory Error (allocation.cpp:390), pid=19268, tid=0x0000000000003724
#
# JRE version: Java(TM) SE Runtime Environment (8.0_111-b14) (build 1.8.0_111-b14)
# Java VM: Java HotSpot(TM) 64-Bit Server VM (25.111-b14 mixed mode windows-amd64 compressed oops)
# Failed to write core dump. Minidumps are not enabled by default on client versions of Windows
#

---------------  T H R E A D  ---------------

Current thread (0x00000000190ae800):  JavaThread "C2 CompilerThread0" daemon [_thread_in_native, id=14116, stack(0x00000000198a0000,0x00000000199a0000)]

Stack: [0x00000000198a0000,0x00000000199a0000]
[error occurred during error reporting (printing stack bounds), id 0xc0000005]

Native frames: (J=compiled Java code, j=interpreted, Vv=VM code, C=native code)


Current CompileTask:
C2:  70619 9414   !   4       org.apache.maven.model.ModelBase::clone (397 bytes)


---------------  P R O C E S S  ---------------

Java Threads: ( => current thread )
  0x000000001b298000 JavaThread "resolver-5" daemon [_thread_new, id=2996, stack(0x0000000000000000,0x0000000000000000)]
  0x000000001b297000 JavaThread "resolver-4" daemon [_thread_new, id=23300, stack(0x0000000000000000,0x0000000000000000)]
  0x00000000203a6000 JavaThread "resolver-3" daemon [_thread_new, id=21208, stack(0x0000000000000000,0x0000000000000000)]
  0x0000000019123000 JavaThread "resolver-2" daemon [_thread_new, id=23440, stack(0x0000000000000000,0x0000000000000000)]
  0x000000001d647000 JavaThread "resolver-1" daemon [_thread_new, id=92, stack(0x0000000000000000,0x0000000000000000)]
  0x0000000019138800 JavaThread "Service Thread" daemon [_thread_blocked, id=17756, stack(0x0000000019ca0000,0x0000000019da0000)]
  0x00000000190b9800 JavaThread "C1 CompilerThread3" daemon [_thread_blocked, id=23404, stack(0x0000000019ba0000,0x0000000019ca0000)]
  0x00000000190b3800 JavaThread "C2 CompilerThread2" daemon [_thread_blocked, id=13000, stack(0x0000000019aa0000,0x0000000019ba0000)]
  0x00000000190b1800 JavaThread "C2 CompilerThread1" daemon [_thread_blocked, id=14660, stack(0x00000000199a0000,0x0000000019aa0000)]
=>0x00000000190ae800 JavaThread "C2 CompilerThread0" daemon [_thread_in_native, id=14116, stack(0x00000000198a0000,0x00000000199a0000)]
  0x00000000190a8000 JavaThread "Attach Listener" daemon [_thread_blocked, id=12520, stack(0x00000000197a0000,0x00000000198a0000)]
  0x00000000190a7000 JavaThread "Signal Dispatcher" daemon [_thread_blocked, id=2372, stack(0x00000000196a0000,0x00000000197a0000)]
  0x000000000240e000 JavaThread "Finalizer" daemon [_thread_blocked, id=14064, stack(0x0000000019480000,0x0000000019580000)]
  0x0000000002407000 JavaThread "Reference Handler" daemon [_thread_blocked, id=21960, stack(0x0000000018f80000,0x0000000019080000)]
  0x000000000230e000 JavaThread "main" [_thread_blocked, id=4780, stack(0x00000000021b0000,0x00000000022b0000)]

Other Threads:
  0x00000000171b9000 VMThread [stack: 0x0000000018e80000,0x0000000018f80000] [id=22728]
  0x000000001913c000 WatcherThread [stack: 0x0000000019da0000,0x0000000019ea0000] [id=23128]

VM state:not at safepoint (normal execution)

VM Mutex/Monitor currently owned by a thread: None

Heap:
 PSYoungGen      total 404480K, used 258939K [0x00000000d6f00000, 0x00000000f1380000, 0x0000000100000000)
  eden space 380416K, 66% used [0x00000000d6f00000,0x00000000e64a2b48,0x00000000ee280000)
  from space 24064K, 30% used [0x00000000efc00000,0x00000000f033c358,0x00000000f1380000)
  to   space 25088K, 0% used [0x00000000ee280000,0x00000000ee280000,0x00000000efb00000)
 ParOldGen       total 136192K, used 100272K [0x0000000084c00000, 0x000000008d100000, 0x00000000d6f00000)
  object space 136192K, 73% used [0x0000000084c00000,0x000000008adec338,0x000000008d100000)
 Metaspace       used 28507K, capacity 29306K, committed 29568K, reserved 1075200K
  class space    used 3159K, capacity 3373K, committed 3456K, reserved 1048576K

Card table byte_map: [0x00000000117d0000,0x0000000011bb0000] byte_map_base: 0x00000000113aa000

Marking Bits: (ParMarkBitMap*) 0x000000006172a6c0
 Begin Bits: [0x0000000012650000, 0x0000000014520000)
 End Bits:   [0x0000000014520000, 0x00000000163f0000)

Polling page: 0x0000000000510000

CodeCache: size=245760Kb used=33859Kb max_used=33890Kb free=211900Kb
 bounds [0x0000000002410000, 0x0000000004550000, 0x0000000011410000]
 total_blobs=7692 nmethods=7296 adapters=307
 compilation: enabled

Compilation events (10 events):
Event: 70.276 Thread 0x00000000190b9800 nmethod 9435 0x000000000451a010 code [0x000000000451a160, 0x000000000451a290]
Event: 70.276 Thread 0x00000000190b9800 9432       3       org.apache.maven.artifact.resolver.ResolutionNode::getDependencyTrail (65 bytes)
Event: 70.277 Thread 0x00000000190b9800 nmethod 9432 0x00000000044e5490 code [0x00000000044e5760, 0x00000000044e6be8]
Event: 70.277 Thread 0x00000000190b9800 9434       3       org.apache.maven.artifact.resolver.ResolutionNode::getTrail (121 bytes)
Event: 70.279 Thread 0x00000000190b9800 nmethod 9434 0x00000000045386d0 code [0x00000000045389c0, 0x0000000004539d98]
Event: 70.279 Thread 0x00000000190b9800 9433       3       java.util.LinkedList$ListItr::<init> (47 bytes)
Event: 70.279 Thread 0x00000000190b9800 nmethod 9433 0x0000000004537890 code [0x0000000004537a00, 0x0000000004537ca8]
Event: 70.293 Thread 0x00000000190b9800 9436       1       java.util.concurrent.atomic.AtomicInteger::get (5 bytes)
Event: 70.293 Thread 0x00000000190b9800 nmethod 9436 0x00000000045375d0 code [0x0000000004537720, 0x0000000004537830]
Event: 70.350 Thread 0x00000000190b1800 nmethod 9412 0x00000000045425d0 code [0x00000000045429a0, 0x0000000004547940]

GC Heap History (10 events):
Event: 42.209 GC heap before
{Heap before GC invocations=18 (full 1):
 PSYoungGen      total 278528K, used 268016K [0x00000000d6f00000, 0x00000000e9300000, 0x0000000100000000)
  eden space 262144K, 100% used [0x00000000d6f00000,0x00000000e6f00000,0x00000000e6f00000)
  from space 16384K, 35% used [0x00000000e8300000,0x00000000e88bc100,0x00000000e9300000)
  to   space 18432K, 0% used [0x00000000e6f00000,0x00000000e6f00000,0x00000000e8100000)
 ParOldGen       total 78848K, used 61501K [0x0000000084c00000, 0x0000000089900000, 0x00000000d6f00000)
  object space 78848K, 78% used [0x0000000084c00000,0x000000008880f610,0x0000000089900000)
 Metaspace       used 24059K, capacity 24780K, committed 25088K, reserved 1071104K
  class space    used 2802K, capacity 3000K, committed 3072K, reserved 1048576K
Event: 42.230 GC heap after
Heap after GC invocations=18 (full 1):
 PSYoungGen      total 280576K, used 10794K [0x00000000d6f00000, 0x00000000ed500000, 0x0000000100000000)
  eden space 262144K, 0% used [0x00000000d6f00000,0x00000000d6f00000,0x00000000e6f00000)
  from space 18432K, 58% used [0x00000000e6f00000,0x00000000e798aa60,0x00000000e8100000)
  to   space 18944K, 0% used [0x00000000ec280000,0x00000000ec280000,0x00000000ed500000)
 ParOldGen       total 78848K, used 67162K [0x0000000084c00000, 0x0000000089900000, 0x00000000d6f00000)
  object space 78848K, 85% used [0x0000000084c00000,0x0000000088d96870,0x0000000089900000)
 Metaspace       used 24059K, capacity 24780K, committed 25088K, reserved 1071104K
  class space    used 2802K, capacity 3000K, committed 3072K, reserved 1048576K
}
Event: 42.239 GC heap before
{Heap before GC invocations=19 (full 2):
 PSYoungGen      total 280576K, used 10794K [0x00000000d6f00000, 0x00000000ed500000, 0x0000000100000000)
  eden space 262144K, 0% used [0x00000000d6f00000,0x00000000d6f00000,0x00000000e6f00000)
  from space 18432K, 58% used [0x00000000e6f00000,0x00000000e798aa60,0x00000000e8100000)
  to   space 18944K, 0% used [0x00000000ec280000,0x00000000ec280000,0x00000000ed500000)
 ParOldGen       total 78848K, used 67162K [0x0000000084c00000, 0x0000000089900000, 0x00000000d6f00000)
  object space 78848K, 85% used [0x0000000084c00000,0x0000000088d96870,0x0000000089900000)
 Metaspace       used 24059K, capacity 24780K, committed 25088K, reserved 1071104K
  class space    used 2802K, capacity 3000K, committed 3072K, reserved 1048576K
Event: 42.669 GC heap after
Heap after GC invocations=19 (full 2):
 PSYoungGen      total 280576K, used 0K [0x00000000d6f00000, 0x00000000ed500000, 0x0000000100000000)
  eden space 262144K, 0% used [0x00000000d6f00000,0x00000000d6f00000,0x00000000e6f00000)
  from space 18432K, 0% used [0x00000000e6f00000,0x00000000e6f00000,0x00000000e8100000)
  to   space 18944K, 0% used [0x00000000ec280000,0x00000000ec280000,0x00000000ed500000)
 ParOldGen       total 136192K, used 69661K [0x0000000084c00000, 0x000000008d100000, 0x00000000d6f00000)
  object space 136192K, 51% used [0x0000000084c00000,0x0000000089007560,0x000000008d100000)
 Metaspace       used 24059K, capacity 24780K, committed 25088K, reserved 1071104K
  class space    used 2802K, capacity 3000K, committed 3072K, reserved 1048576K
}
Event: 44.453 GC heap before
{Heap before GC invocations=20 (full 2):
 PSYoungGen      total 280576K, used 262144K [0x00000000d6f00000, 0x00000000ed500000, 0x0000000100000000)
  eden space 262144K, 100% used [0x00000000d6f00000,0x00000000e6f00000,0x00000000e6f00000)
  from space 18432K, 0% used [0x00000000e6f00000,0x00000000e6f00000,0x00000000e8100000)
  to   space 18944K, 0% used [0x00000000ec280000,0x00000000ec280000,0x00000000ed500000)
 ParOldGen       total 136192K, used 69661K [0x0000000084c00000, 0x000000008d100000, 0x00000000d6f00000)
  object space 136192K, 51% used [0x0000000084c00000,0x0000000089007560,0x000000008d100000)
 Metaspace       used 24086K, capacity 24844K, committed 25088K, reserved 1071104K
  class space    used 2802K, capacity 3000K, committed 3072K, reserved 1048576K
Event: 44.470 GC heap after
Heap after GC invocations=20 (full 2):
 PSYoungGen      total 326144K, used 10155K [0x00000000d6f00000, 0x00000000ecc80000, 0x0000000100000000)
  eden space 315904K, 0% used [0x00000000d6f00000,0x00000000d6f00000,0x00000000ea380000)
  from space 10240K, 99% used [0x00000000ec280000,0x00000000ecc6ae50,0x00000000ecc80000)
  to   space 18944K, 0% used [0x00000000ea780000,0x00000000ea780000,0x00000000eba00000)
 ParOldGen       total 136192K, used 69661K [0x0000000084c00000, 0x000000008d100000, 0x00000000d6f00000)
  object space 136192K, 51% used [0x0000000084c00000,0x0000000089007560,0x000000008d100000)
 Metaspace       used 24086K, capacity 24844K, committed 25088K, reserved 1071104K
  class space    used 2802K, capacity 3000K, committed 3072K, reserved 1048576K
}
Event: 51.576 GC heap before
{Heap before GC invocations=21 (full 2):
 PSYoungGen      total 326144K, used 326059K [0x00000000d6f00000, 0x00000000ecc80000, 0x0000000100000000)
  eden space 315904K, 100% used [0x00000000d6f00000,0x00000000ea380000,0x00000000ea380000)
  from space 10240K, 99% used [0x00000000ec280000,0x00000000ecc6ae50,0x00000000ecc80000)
  to   space 18944K, 0% used [0x00000000ea780000,0x00000000ea780000,0x00000000eba00000)
 ParOldGen       total 136192K, used 69661K [0x0000000084c00000, 0x000000008d100000, 0x00000000d6f00000)
  object space 136192K, 51% used [0x0000000084c00000,0x0000000089007560,0x000000008d100000)
 Metaspace       used 25685K, capacity 26412K, committed 26752K, reserved 1073152K
  class space    used 2921K, capacity 3096K, committed 3200K, reserved 1048576K
Event: 51.686 GC heap after
Heap after GC invocations=21 (full 2):
 PSYoungGen      total 338944K, used 18915K [0x00000000d6f00000, 0x00000000f1580000, 0x0000000100000000)
  eden space 320000K, 0% used [0x00000000d6f00000,0x00000000d6f00000,0x00000000ea780000)
  from space 18944K, 99% used [0x00000000ea780000,0x00000000eb9f8d60,0x00000000eba00000)
  to   space 26112K, 0% used [0x00000000efc00000,0x00000000efc00000,0x00000000f1580000)
 ParOldGen       total 136192K, used 81608K [0x0000000084c00000, 0x000000008d100000, 0x00000000d6f00000)
  object space 136192K, 59% used [0x0000000084c00000,0x0000000089bb2260,0x000000008d100000)
 Metaspace       used 25685K, capacity 26412K, committed 26752K, reserved 1073152K
  class space    used 2921K, capacity 3096K, committed 3200K, reserved 1048576K
}
Event: 62.253 GC heap before
{Heap before GC invocations=22 (full 2):
 PSYoungGen      total 338944K, used 338915K [0x00000000d6f00000, 0x00000000f1580000, 0x0000000100000000)
  eden space 320000K, 100% used [0x00000000d6f00000,0x00000000ea780000,0x00000000ea780000)
  from space 18944K, 99% used [0x00000000ea780000,0x00000000eb9f8d60,0x00000000eba00000)
  to   space 26112K, 0% used [0x00000000efc00000,0x00000000efc00000,0x00000000f1580000)
 ParOldGen       total 136192K, used 81608K [0x0000000084c00000, 0x000000008d100000, 0x00000000d6f00000)
  object space 136192K, 59% used [0x0000000084c00000,0x0000000089bb2260,0x000000008d100000)
 Metaspace       used 26281K, capacity 27020K, committed 27264K, reserved 1073152K
  class space    used 2945K, capacity 3128K, committed 3200K, reserved 1048576K
Event: 62.333 GC heap after
Heap after GC invocations=22 (full 2):
 PSYoungGen      total 404480K, used 7408K [0x00000000d6f00000, 0x00000000f1380000, 0x0000000100000000)
  eden space 380416K, 0% used [0x00000000d6f00000,0x00000000d6f00000,0x00000000ee280000)
  from space 24064K, 30% used [0x00000000efc00000,0x00000000f033c358,0x00000000f1380000)
  to   space 25088K, 0% used [0x00000000ee280000,0x00000000ee280000,0x00000000efb00000)
 ParOldGen       total 136192K, used 100272K [0x0000000084c00000, 0x000000008d100000, 0x00000000d6f00000)
  object space 136192K, 73% used [0x0000000084c00000,0x000000008adec338,0x000000008d100000)
 Metaspace       used 26281K, capacity 27020K, committed 27264K, reserved 1073152K
  class space    used 2945K, capacity 3128K, committed 3200K, reserved 1048576K
}

Deoptimization events (10 events):
Event: 67.529 Thread 0x000000000230e000 Uncommon trap: reason=unstable_if action=reinterpret pc=0x00000000040b9930 method=org.codehaus.plexus.interpolation.util.StringUtils.capitalizeFirstLetter(Ljava/lang/String;)Ljava/lang/String; @ 13
Event: 67.586 Thread 0x000000000230e000 Uncommon trap: reason=unstable_if action=reinterpret pc=0x0000000003485058 method=java.util.concurrent.ConcurrentHashMap.get(Ljava/lang/Object;)Ljava/lang/Object; @ 152
Event: 67.610 Thread 0x000000000230e000 Uncommon trap: reason=class_check action=maybe_recompile pc=0x000000000291927c method=java.util.concurrent.ConcurrentHashMap.putVal(Ljava/lang/Object;Ljava/lang/Object;Z)Ljava/lang/Object; @ 192
Event: 67.691 Thread 0x000000000230e000 Uncommon trap: reason=unstable_if action=reinterpret pc=0x0000000002d29fb8 method=java.util.regex.Pattern$Curly.match(Ljava/util/regex/Matcher;ILjava/lang/CharSequence;)Z @ 45
Event: 67.843 Thread 0x000000000230e000 Uncommon trap: reason=unstable_if action=reinterpret pc=0x00000000041ffbbc method=org.apache.maven.model.io.xpp3.MavenXpp3ReaderEx.nextTag(Lorg/codehaus/plexus/util/xml/pull/XmlPullParser;)I @ 9
Event: 68.002 Thread 0x000000000230e000 Uncommon trap: reason=bimorphic action=maybe_recompile pc=0x0000000003928c9c method=java.util.regex.Pattern$Start.match(Ljava/util/regex/Matcher;ILjava/lang/CharSequence;)Z @ 44
Event: 68.002 Thread 0x000000000230e000 Uncommon trap: reason=bimorphic action=maybe_recompile pc=0x0000000003928c9c method=java.util.regex.Pattern$Start.match(Ljava/util/regex/Matcher;ILjava/lang/CharSequence;)Z @ 44
Event: 68.002 Thread 0x000000000230e000 Uncommon trap: reason=bimorphic action=maybe_recompile pc=0x0000000003928c9c method=java.util.regex.Pattern$Start.match(Ljava/util/regex/Matcher;ILjava/lang/CharSequence;)Z @ 44
Event: 68.002 Thread 0x000000000230e000 Uncommon trap: reason=bimorphic action=maybe_recompile pc=0x0000000003928c9c method=java.util.regex.Pattern$Start.match(Ljava/util/regex/Matcher;ILjava/lang/CharSequence;)Z @ 44
Event: 69.252 Thread 0x000000000230e000 Uncommon trap: reason=class_check action=maybe_recompile pc=0x000000000291927c method=java.util.concurrent.ConcurrentHashMap.putVal(Ljava/lang/Object;Ljava/lang/Object;Z)Ljava/lang/Object; @ 192

Internal exceptions (10 events):
Event: 40.028 Thread 0x000000000230e000 Implicit null exception at 0x000000000318240f to 0x000000000318250d
Event: 40.042 Thread 0x000000000230e000 Implicit null exception at 0x0000000002e2d81d to 0x0000000002e2e539
Event: 40.621 Thread 0x000000000230e000 Implicit null exception at 0x000000000321efc1 to 0x0000000003220f91
Event: 41.902 Thread 0x000000000230e000 Implicit null exception at 0x0000000002f2fd7b to 0x0000000002f31549
Event: 47.170 Thread 0x000000000230e000 Implicit null exception at 0x00000000030e1733 to 0x00000000030e1c25
Event: 56.070 Thread 0x000000000230e000 Implicit null exception at 0x0000000003fe2b04 to 0x0000000003fe2c15
Event: 56.074 Thread 0x000000000230e000 Implicit null exception at 0x0000000003f266d1 to 0x0000000003f26815
Event: 67.342 Thread 0x000000000230e000 Implicit null exception at 0x00000000033640bc to 0x0000000003364561
Event: 67.388 Thread 0x000000000230e000 Implicit null exception at 0x0000000002f7755b to 0x0000000002f77a8d
Event: 67.481 Thread 0x000000000230e000 Implicit null exception at 0x00000000041c4677 to 0x00000000041c48c1

Events (10 events):
Event: 70.276 loading class org/apache/maven/artifact/resolver/DefaultArtifactResolver$ResolveTask done
Event: 70.288 loading class java/util/concurrent/ThreadPoolExecutor$Worker
Event: 70.290 loading class java/util/concurrent/ThreadPoolExecutor$Worker done
Event: 70.292 Thread 0x000000001d647000 Thread added: 0x000000001d647000
Event: 70.292 Thread 0x0000000019123000 Thread added: 0x0000000019123000
Event: 70.292 Thread 0x00000000203a6000 Thread added: 0x00000000203a6000
Event: 70.292 Thread 0x000000001b297000 Thread added: 0x000000001b297000
Event: 70.293 Thread 0x000000001b298000 Thread added: 0x000000001b298000
Event: 70.293 loading class java/util/concurrent/locks/LockSupport
Event: 70.302 loading class java/util/concurrent/locks/LockSupport done


Dynamic libraries:
0x00007ff612b20000 - 0x00007ff612b57000 	C:\Program Files\Java\jdk1.8.0_111\bin\java.exe
0x00007ffdfb730000 - 0x00007ffdfb928000 	C:\Windows\SYSTEM32\ntdll.dll
0x00007ffdf9aa0000 - 0x00007ffdf9b5d000 	C:\Windows\System32\KERNEL32.DLL
0x00007ffdf9470000 - 0x00007ffdf9766000 	C:\Windows\System32\KERNELBASE.dll
0x00007ffdefad0000 - 0x00007ffdefb60000 	C:\Windows\SYSTEM32\apphelp.dll
0x00007ffdf9c70000 - 0x00007ffdf9d20000 	C:\Windows\System32\ADVAPI32.dll
0x00007ffdfb150000 - 0x00007ffdfb1ee000 	C:\Windows\System32\msvcrt.dll
0x00007ffdfaf60000 - 0x00007ffdfb000000 	C:\Windows\System32\sechost.dll
0x00007ffdf9e80000 - 0x00007ffdf9fa3000 	C:\Windows\System32\RPCRT4.dll
0x00007ffdf8df0000 - 0x00007ffdf8e17000 	C:\Windows\System32\bcrypt.dll
0x00007ffdfa040000 - 0x00007ffdfa1df000 	C:\Windows\System32\USER32.dll
0x00007ffdf90e0000 - 0x00007ffdf9102000 	C:\Windows\System32\win32u.dll
0x00007ffdf9fb0000 - 0x00007ffdf9fdb000 	C:\Windows\System32\GDI32.dll
0x00007ffdf8f70000 - 0x00007ffdf9087000 	C:\Windows\System32\gdi32full.dll
0x00007ffdf8ed0000 - 0x00007ffdf8f6d000 	C:\Windows\System32\msvcp_win.dll
0x00007ffdf9110000 - 0x00007ffdf9210000 	C:\Windows\System32\ucrtbase.dll
0x00007ffde7860000 - 0x00007ffde7afa000 	C:\Windows\WinSxS\amd64_microsoft.windows.common-controls_6595b64144ccf1df_6.0.19041.4355_none_60b8b9eb71f62e16\COMCTL32.dll
0x00007ffdfb070000 - 0x00007ffdfb09f000 	C:\Windows\System32\IMM32.DLL
0x0000000060e30000 - 0x0000000060f02000 	C:\Program Files\Java\jdk1.8.0_111\jre\bin\msvcr100.dll
0x0000000060f10000 - 0x00000000617aa000 	C:\Program Files\Java\jdk1.8.0_111\jre\bin\server\jvm.dll
0x00007ffdfb380000 - 0x00007ffdfb388000 	C:\Windows\System32\PSAPI.DLL
0x00007ffdde580000 - 0x00007ffdde589000 	C:\Windows\SYSTEM32\WSOCK32.dll
0x00007ffdfb000000 - 0x00007ffdfb06b000 	C:\Windows\System32\WS2_32.dll
0x00007ffddeef0000 - 0x00007ffddef17000 	C:\Windows\SYSTEM32\WINMM.dll
0x00007ffdf1080000 - 0x00007ffdf108a000 	C:\Windows\SYSTEM32\VERSION.dll
0x0000000060de0000 - 0x0000000060def000 	C:\Program Files\Java\jdk1.8.0_111\jre\bin\verify.dll
0x0000000060db0000 - 0x0000000060dd9000 	C:\Program Files\Java\jdk1.8.0_111\jre\bin\java.dll
0x0000000060d90000 - 0x0000000060da6000 	C:\Program Files\Java\jdk1.8.0_111\jre\bin\zip.dll
0x00007ffdfa290000 - 0x00007ffdfa9fc000 	C:\Windows\System32\SHELL32.dll
0x00007ffdf6940000 - 0x00007ffdf70dd000 	C:\Windows\SYSTEM32\windows.storage.dll
0x00007ffdfb390000 - 0x00007ffdfb6e3000 	C:\Windows\System32\combase.dll
0x00007ffdf8730000 - 0x00007ffdf875e000 	C:\Windows\SYSTEM32\Wldp.dll
0x00007ffdf9b90000 - 0x00007ffdf9c5d000 	C:\Windows\System32\OLEAUT32.dll
0x00007ffdfb0a0000 - 0x00007ffdfb14d000 	C:\Windows\System32\SHCORE.dll
0x00007ffdfb320000 - 0x00007ffdfb375000 	C:\Windows\System32\shlwapi.dll
0x00007ffdf8d20000 - 0x00007ffdf8d44000 	C:\Windows\SYSTEM32\profapi.dll
0x0000000060d70000 - 0x0000000060d8a000 	C:\Program Files\Java\jdk1.8.0_111\jre\bin\net.dll
0x00007ffdf8510000 - 0x00007ffdf857a000 	C:\Windows\system32\mswsock.dll
0x0000000060d50000 - 0x0000000060d61000 	C:\Program Files\Java\jdk1.8.0_111\jre\bin\nio.dll

VM Arguments:
jvm_args: -Dclassworlds.conf=C:\Program Files\NetBeans-11.3\netbeans\java\maven\bin\m2.conf -Dmaven.home=C:\Program Files\NetBeans-11.3\netbeans\java\maven -Dmaven.multiModuleProjectDirectory=C:\Users\user\Documents\AzureDevOps\Servidor 
java_command: org.codehaus.plexus.classworlds.launcher.Launcher -Dmaven.ext.class.path=C:\Program Files\NetBeans-11.3\netbeans\java\maven-nblib\netbeans-eventspy.jar -Dfile.encoding=UTF-8 clean compile assembly:single
java_class_path (initial): C:\Program Files\NetBeans-11.3\netbeans\java\maven\boot\plexus-classworlds-2.5.2.jar
Launcher Type: SUN_STANDARD

Environment Variables:
JAVA_HOME=C:\Program Files\Java\jdk1.8.0_111
PATH=C:\Windows\system32;C:\Windows;C:\Windows\System32\Wbem;C:\Windows\System32\WindowsPowerShell\v1.0\;C:\Windows\System32\OpenSSH\;C:\Program Files\Git\cmd;C:\Users\user\AppData\Roaming\nvm;C:\Program Files\nodejs;C:\Program Files\Java\jdk1.8.0_111\bin;C:\Program Files\Java\jdk-17\bin;C:\Program Files\MySQL\MySQL Server 5.6\bin;C:\Program Files\PuTTY\;C:\Program Files\OpenLogic\jdk-8.0.412.08-hotspot\bin;C:\Program Files (x86)\HBT Interface - R\;;C:\Program Files\Docker\Docker\resources\bin;C:\Users\user\AppData\Local\Microsoft\WindowsApps;C:\Users\user\AppData\Local\GitHubDesktop\bin;C:\Users\user\AppData\Local\Programs\Microsoft VS Code\bin;C:\Users\user\AppData\Roaming\npm
USERNAME=user
OS=Windows_NT
PROCESSOR_IDENTIFIER=Intel64 Family 6 Model 140 Stepping 1, GenuineIntel



---------------  S Y S T E M  ---------------

OS: Windows 10.0 , 64 bit Build 19041 (10.0.19041.3636)

CPU:total 8 (4 cores per cpu, 2 threads per core) family 6 model 140 stepping 1, cmov, cx8, fxsr, mmx, sse, sse2, sse3, ssse3, sse4.1, sse4.2, popcnt, avx, avx2, aes, clmul, erms, 3dnowpref, lzcnt, ht, tsc, tscinvbit, bmi1, bmi2, adx

Memory: 4k page, physical 8075800k(151908k free), swap 33241624k(19984k free)

vm_info: Java HotSpot(TM) 64-Bit Server VM (25.111-b14) for windows-amd64 JRE (1.8.0_111-b14), built on Sep 22 2016 19:24:05 by "java_re" with MS VC++ 10.0 (VS2010)

time: Mon Jun 24 11:24:41 2024
elapsed time: 70 seconds (0d 0h 1m 10s)

