#
# There is insufficient memory for the Java Runtime Environment to continue.
# Native memory allocation (malloc) failed to allocate 987184 bytes for Chunk::new
# Possible reasons:
#   The system is out of physical RAM or swap space
#   In 32 bit mode, the process size limit was hit
# Possible solutions:
#   Reduce memory load on the system
#   Increase physical memory or swap space
#   Check if swap backing store is full
#   Use 64 bit Java on a 64 bit OS
#   Decrease Java heap size (-Xmx/-Xms)
#   Decrease number of Java threads
#   Decrease Java thread stack sizes (-Xss)
#   Set larger code cache with -XX:ReservedCodeCacheSize=
# This output file may be truncated or incomplete.
#
#  Out of Memory Error (allocation.cpp:390), pid=12568, tid=0x000000000000557c
#
# JRE version: Java(TM) SE Runtime Environment (8.0_111-b14) (build 1.8.0_111-b14)
# Java VM: Java HotSpot(TM) 64-Bit Server VM (25.111-b14 mixed mode windows-amd64 compressed oops)
# Failed to write core dump. Minidumps are not enabled by default on client versions of Windows
#

---------------  T H R E A D  ---------------

Current thread (0x0000000019962000):  JavaThread "C2 CompilerThread1" daemon [_thread_in_native, id=21884, stack(0x000000001a250000,0x000000001a350000)]

Stack: [0x000000001a250000,0x000000001a350000]
[error occurred during error reporting (printing stack bounds), id 0xc0000005]

Native frames: (J=compiled Java code, j=interpreted, Vv=VM code, C=native code)


Current CompileTask:
C2:  24994 8185       4       com.sun.tools.javac.jvm.Gen::visitBinary (303 bytes)


---------------  P R O C E S S  ---------------

Java Threads: ( => current thread )
  0x00000000199f0000 JavaThread "Service Thread" daemon [_thread_blocked, id=19792, stack(0x000000001a550000,0x000000001a650000)]
  0x0000000019968000 JavaThread "C1 CompilerThread3" daemon [_thread_blocked, id=23108, stack(0x000000001a450000,0x000000001a550000)]
  0x0000000019963800 JavaThread "C2 CompilerThread2" daemon [_thread_in_native, id=17176, stack(0x000000001a350000,0x000000001a450000)]
=>0x0000000019962000 JavaThread "C2 CompilerThread1" daemon [_thread_in_native, id=21884, stack(0x000000001a250000,0x000000001a350000)]
  0x000000001995f000 JavaThread "C2 CompilerThread0" daemon [_thread_in_native, id=21260, stack(0x000000001a150000,0x000000001a250000)]
  0x0000000019958000 JavaThread "Attach Listener" daemon [_thread_blocked, id=22308, stack(0x000000001a050000,0x000000001a150000)]
  0x0000000019957000 JavaThread "Signal Dispatcher" daemon [_thread_blocked, id=12456, stack(0x0000000019f50000,0x000000001a050000)]
  0x0000000002c89000 JavaThread "Finalizer" daemon [_thread_blocked, id=14120, stack(0x0000000019d30000,0x0000000019e30000)]
  0x0000000002c88000 JavaThread "Reference Handler" daemon [_thread_blocked, id=22244, stack(0x0000000019830000,0x0000000019930000)]
  0x0000000002b8e000 JavaThread "main" [_thread_in_Java, id=22924, stack(0x0000000002a30000,0x0000000002b30000)]

Other Threads:
  0x0000000017a39000 VMThread [stack: 0x0000000019730000,0x0000000019830000] [id=14032]
  0x0000000019986000 WatcherThread [stack: 0x000000001a650000,0x000000001a750000] [id=18096]

VM state:not at safepoint (normal execution)

VM Mutex/Monitor currently owned by a thread: None

Heap:
 PSYoungGen      total 380416K, used 65394K [0x00000000d6f00000, 0x00000000ef900000, 0x0000000100000000)
  eden space 357376K, 11% used [0x00000000d6f00000,0x00000000d985e1c0,0x00000000ecc00000)
  from space 23040K, 99% used [0x00000000ecc00000,0x00000000ee27e760,0x00000000ee280000)
  to   space 19968K, 0% used [0x00000000ee580000,0x00000000ee580000,0x00000000ef900000)
 ParOldGen       total 131584K, used 88708K [0x0000000084c00000, 0x000000008cc80000, 0x00000000d6f00000)
  object space 131584K, 67% used [0x0000000084c00000,0x000000008a2a1368,0x000000008cc80000)
 Metaspace       used 26179K, capacity 26892K, committed 27008K, reserved 1073152K
  class space    used 2944K, capacity 3128K, committed 3200K, reserved 1048576K

Card table byte_map: [0x0000000012050000,0x0000000012430000] byte_map_base: 0x0000000011c2a000

Marking Bits: (ParMarkBitMap*) 0x000000006172a6c0
 Begin Bits: [0x0000000012ed0000, 0x0000000014da0000)
 End Bits:   [0x0000000014da0000, 0x0000000016c70000)

Polling page: 0x0000000002930000

CodeCache: size=245760Kb used=27013Kb max_used=28665Kb free=218746Kb
 bounds [0x0000000002c90000, 0x00000000048c0000, 0x0000000011c90000]
 total_blobs=6605 nmethods=6212 adapters=304
 compilation: enabled

Compilation events (10 events):
Event: 24.873 Thread 0x0000000019968000 nmethod 8198 0x0000000003b16a50 code [0x0000000003b16ba0, 0x0000000003b16cb0]
Event: 24.873 Thread 0x0000000019968000 8200       3       com.sun.tools.javac.comp.Infer$BoundFilter::accepts (9 bytes)
Event: 24.873 Thread 0x0000000019968000 nmethod 8200 0x0000000003a20e10 code [0x0000000003a20fc0, 0x0000000003a217a8]
Event: 24.918 Thread 0x0000000019963800 nmethod 8191 0x000000000369dbd0 code [0x000000000369df00, 0x00000000036a0920]
Event: 24.919 Thread 0x0000000019963800 8195       4       com.sun.tools.javac.comp.TransTypes::visitVarDef (60 bytes)
Event: 24.923 Thread 0x0000000019963800 nmethod 8195 0x0000000003c74710 code [0x0000000003c748a0, 0x0000000003c74e78]
Event: 24.923 Thread 0x0000000019963800 8193   !   4       com.sun.tools.javac.comp.Flow$FlowAnalyzer::visitVarDef (70 bytes)
Event: 24.927 Thread 0x0000000019963800 nmethod 8193 0x0000000003225310 code [0x0000000003225480, 0x0000000003225778]
Event: 24.927 Thread 0x0000000019963800 8202       4       com.sun.tools.javac.comp.Infer$IncorporationStep::doIncorporationOp (73 bytes)
Event: 24.954 Thread 0x0000000019963800 nmethod 8202 0x0000000002df4ad0 code [0x0000000002df4da0, 0x0000000002df63b0]

GC Heap History (10 events):
Event: 16.628 GC heap before
{Heap before GC invocations=17 (full 1):
 PSYoungGen      total 228864K, used 215527K [0x00000000d6f00000, 0x00000000ebf00000, 0x0000000100000000)
  eden space 206848K, 100% used [0x00000000d6f00000,0x00000000e3900000,0x00000000e3900000)
  from space 22016K, 39% used [0x00000000e3900000,0x00000000e4179f28,0x00000000e4e80000)
  to   space 20992K, 0% used [0x00000000eaa80000,0x00000000eaa80000,0x00000000ebf00000)
 ParOldGen       total 76288K, used 55764K [0x0000000084c00000, 0x0000000089680000, 0x00000000d6f00000)
  object space 76288K, 73% used [0x0000000084c00000,0x0000000088275270,0x0000000089680000)
 Metaspace       used 23939K, capacity 24684K, committed 24832K, reserved 1071104K
  class space    used 2793K, capacity 2968K, committed 3072K, reserved 1048576K
Event: 16.643 GC heap after
Heap after GC invocations=17 (full 1):
 PSYoungGen      total 317952K, used 3248K [0x00000000d6f00000, 0x00000000ebc00000, 0x0000000100000000)
  eden space 300032K, 0% used [0x00000000d6f00000,0x00000000d6f00000,0x00000000e9400000)
  from space 17920K, 18% used [0x00000000eaa80000,0x00000000eadac070,0x00000000ebc00000)
  to   space 20480K, 0% used [0x00000000e9400000,0x00000000e9400000,0x00000000ea800000)
 ParOldGen       total 76288K, used 64141K [0x0000000084c00000, 0x0000000089680000, 0x00000000d6f00000)
  object space 76288K, 84% used [0x0000000084c00000,0x0000000088aa35b0,0x0000000089680000)
 Metaspace       used 23939K, capacity 24684K, committed 24832K, reserved 1071104K
  class space    used 2793K, capacity 2968K, committed 3072K, reserved 1048576K
}
Event: 16.643 GC heap before
{Heap before GC invocations=18 (full 2):
 PSYoungGen      total 317952K, used 3248K [0x00000000d6f00000, 0x00000000ebc00000, 0x0000000100000000)
  eden space 300032K, 0% used [0x00000000d6f00000,0x00000000d6f00000,0x00000000e9400000)
  from space 17920K, 18% used [0x00000000eaa80000,0x00000000eadac070,0x00000000ebc00000)
  to   space 20480K, 0% used [0x00000000e9400000,0x00000000e9400000,0x00000000ea800000)
 ParOldGen       total 76288K, used 64141K [0x0000000084c00000, 0x0000000089680000, 0x00000000d6f00000)
  object space 76288K, 84% used [0x0000000084c00000,0x0000000088aa35b0,0x0000000089680000)
 Metaspace       used 23939K, capacity 24684K, committed 24832K, reserved 1071104K
  class space    used 2793K, capacity 2968K, committed 3072K, reserved 1048576K
Event: 16.987 GC heap after
Heap after GC invocations=18 (full 2):
 PSYoungGen      total 317952K, used 0K [0x00000000d6f00000, 0x00000000ebc00000, 0x0000000100000000)
  eden space 300032K, 0% used [0x00000000d6f00000,0x00000000d6f00000,0x00000000e9400000)
  from space 17920K, 0% used [0x00000000eaa80000,0x00000000eaa80000,0x00000000ebc00000)
  to   space 20480K, 0% used [0x00000000e9400000,0x00000000e9400000,0x00000000ea800000)
 ParOldGen       total 131584K, used 65544K [0x0000000084c00000, 0x000000008cc80000, 0x00000000d6f00000)
  object space 131584K, 49% used [0x0000000084c00000,0x0000000088c020d0,0x000000008cc80000)
 Metaspace       used 23939K, capacity 24684K, committed 24832K, reserved 1071104K
  class space    used 2793K, capacity 2968K, committed 3072K, reserved 1048576K
}
Event: 18.049 GC heap before
{Heap before GC invocations=19 (full 2):
 PSYoungGen      total 317952K, used 300032K [0x00000000d6f00000, 0x00000000ebc00000, 0x0000000100000000)
  eden space 300032K, 100% used [0x00000000d6f00000,0x00000000e9400000,0x00000000e9400000)
  from space 17920K, 0% used [0x00000000eaa80000,0x00000000eaa80000,0x00000000ebc00000)
  to   space 20480K, 0% used [0x00000000e9400000,0x00000000e9400000,0x00000000ea800000)
 ParOldGen       total 131584K, used 65544K [0x0000000084c00000, 0x000000008cc80000, 0x00000000d6f00000)
  object space 131584K, 49% used [0x0000000084c00000,0x0000000088c020d0,0x000000008cc80000)
 Metaspace       used 24045K, capacity 24844K, committed 25088K, reserved 1071104K
  class space    used 2800K, capacity 3000K, committed 3072K, reserved 1048576K
Event: 18.068 GC heap after
Heap after GC invocations=19 (full 2):
 PSYoungGen      total 320512K, used 20464K [0x00000000d6f00000, 0x00000000efd00000, 0x0000000100000000)
  eden space 300032K, 0% used [0x00000000d6f00000,0x00000000d6f00000,0x00000000e9400000)
  from space 20480K, 99% used [0x00000000e9400000,0x00000000ea7fc318,0x00000000ea800000)
  to   space 24064K, 0% used [0x00000000ee580000,0x00000000ee580000,0x00000000efd00000)
 ParOldGen       total 131584K, used 65800K [0x0000000084c00000, 0x000000008cc80000, 0x00000000d6f00000)
  object space 131584K, 50% used [0x0000000084c00000,0x0000000088c420d0,0x000000008cc80000)
 Metaspace       used 24045K, capacity 24844K, committed 25088K, reserved 1071104K
  class space    used 2800K, capacity 3000K, committed 3072K, reserved 1048576K
}
Event: 18.848 GC heap before
{Heap before GC invocations=20 (full 2):
 PSYoungGen      total 320512K, used 320496K [0x00000000d6f00000, 0x00000000efd00000, 0x0000000100000000)
  eden space 300032K, 100% used [0x00000000d6f00000,0x00000000e9400000,0x00000000e9400000)
  from space 20480K, 99% used [0x00000000e9400000,0x00000000ea7fc318,0x00000000ea800000)
  to   space 24064K, 0% used [0x00000000ee580000,0x00000000ee580000,0x00000000efd00000)
 ParOldGen       total 131584K, used 65800K [0x0000000084c00000, 0x000000008cc80000, 0x00000000d6f00000)
  object space 131584K, 50% used [0x0000000084c00000,0x0000000088c420d0,0x000000008cc80000)
 Metaspace       used 24070K, capacity 24844K, committed 25088K, reserved 1071104K
  class space    used 2801K, capacity 3000K, committed 3072K, reserved 1048576K
Event: 18.865 GC heap after
Heap after GC invocations=20 (full 2):
 PSYoungGen      total 377344K, used 4914K [0x00000000d6f00000, 0x00000000ef900000, 0x0000000100000000)
  eden space 357376K, 0% used [0x00000000d6f00000,0x00000000d6f00000,0x00000000ecc00000)
  from space 19968K, 24% used [0x00000000ee580000,0x00000000eea4c838,0x00000000ef900000)
  to   space 23040K, 0% used [0x00000000ecc00000,0x00000000ecc00000,0x00000000ee280000)
 ParOldGen       total 131584K, used 85327K [0x0000000084c00000, 0x000000008cc80000, 0x00000000d6f00000)
  object space 131584K, 64% used [0x0000000084c00000,0x0000000089f53f78,0x000000008cc80000)
 Metaspace       used 24070K, capacity 24844K, committed 25088K, reserved 1071104K
  class space    used 2801K, capacity 3000K, committed 3072K, reserved 1048576K
}
Event: 24.190 GC heap before
{Heap before GC invocations=21 (full 2):
 PSYoungGen      total 377344K, used 362290K [0x00000000d6f00000, 0x00000000ef900000, 0x0000000100000000)
  eden space 357376K, 100% used [0x00000000d6f00000,0x00000000ecc00000,0x00000000ecc00000)
  from space 19968K, 24% used [0x00000000ee580000,0x00000000eea4c838,0x00000000ef900000)
  to   space 23040K, 0% used [0x00000000ecc00000,0x00000000ecc00000,0x00000000ee280000)
 ParOldGen       total 131584K, used 85327K [0x0000000084c00000, 0x000000008cc80000, 0x00000000d6f00000)
  object space 131584K, 64% used [0x0000000084c00000,0x0000000089f53f78,0x000000008cc80000)
 Metaspace       used 26173K, capacity 26892K, committed 27008K, reserved 1073152K
  class space    used 2944K, capacity 3128K, committed 3200K, reserved 1048576K
Event: 24.310 GC heap after
Heap after GC invocations=21 (full 2):
 PSYoungGen      total 380416K, used 23033K [0x00000000d6f00000, 0x00000000ef900000, 0x0000000100000000)
  eden space 357376K, 0% used [0x00000000d6f00000,0x00000000d6f00000,0x00000000ecc00000)
  from space 23040K, 99% used [0x00000000ecc00000,0x00000000ee27e760,0x00000000ee280000)
  to   space 19968K, 0% used [0x00000000ee580000,0x00000000ee580000,0x00000000ef900000)
 ParOldGen       total 131584K, used 88708K [0x0000000084c00000, 0x000000008cc80000, 0x00000000d6f00000)
  object space 131584K, 67% used [0x0000000084c00000,0x000000008a2a1368,0x000000008cc80000)
 Metaspace       used 26173K, capacity 26892K, committed 27008K, reserved 1073152K
  class space    used 2944K, capacity 3128K, committed 3200K, reserved 1048576K
}

Deoptimization events (10 events):
Event: 24.007 Thread 0x0000000002b8e000 Uncommon trap: reason=unstable_if action=reinterpret pc=0x000000000355d4f0 method=java.util.HashMap.getNode(ILjava/lang/Object;)Ljava/util/HashMap$Node; @ 84
Event: 24.007 Thread 0x0000000002b8e000 Uncommon trap: reason=unstable_if action=reinterpret pc=0x0000000002fd89fc method=java.util.HashMap.putVal(ILjava/lang/Object;Ljava/lang/Object;ZZ)Ljava/lang/Object; @ 109
Event: 24.012 Thread 0x0000000002b8e000 Uncommon trap: reason=null_check action=make_not_entrant pc=0x000000000482cf70 method=lombok.bytecode.ClassFileMetaData.findUtf8(Ljava/lang/String;)I @ 12
Event: 24.012 Thread 0x0000000002b8e000 Uncommon trap: reason=null_check action=make_not_entrant pc=0x00000000040b51b0 method=lombok.bytecode.ClassFileMetaData.findUtf8(Ljava/lang/String;)I @ 12
Event: 24.872 Thread 0x0000000002b8e000 Uncommon trap: reason=bimorphic action=maybe_recompile pc=0x00000000040fa654 method=com.sun.tools.javac.code.Types$DefaultTypeVisitor.visitClassType(Lcom/sun/tools/javac/code/Type$ClassType;Ljava/lang/Object;)Ljava/lang/Object; @ 3
Event: 24.872 Thread 0x0000000002b8e000 Uncommon trap: reason=bimorphic action=maybe_recompile pc=0x00000000040fa654 method=com.sun.tools.javac.code.Types$DefaultTypeVisitor.visitClassType(Lcom/sun/tools/javac/code/Type$ClassType;Ljava/lang/Object;)Ljava/lang/Object; @ 3
Event: 24.872 Thread 0x0000000002b8e000 Uncommon trap: reason=bimorphic action=maybe_recompile pc=0x00000000040fa654 method=com.sun.tools.javac.code.Types$DefaultTypeVisitor.visitClassType(Lcom/sun/tools/javac/code/Type$ClassType;Ljava/lang/Object;)Ljava/lang/Object; @ 3
Event: 24.872 Thread 0x0000000002b8e000 Uncommon trap: reason=bimorphic action=maybe_recompile pc=0x00000000040fa654 method=com.sun.tools.javac.code.Types$DefaultTypeVisitor.visitClassType(Lcom/sun/tools/javac/code/Type$ClassType;Ljava/lang/Object;)Ljava/lang/Object; @ 3
Event: 24.874 Thread 0x0000000002b8e000 Uncommon trap: reason=bimorphic action=maybe_recompile pc=0x000000000429c848 method=com.sun.tools.javac.comp.Resolve$LookupFilter.accepts(Lcom/sun/tools/javac/code/Symbol;)Z @ 1
Event: 24.877 Thread 0x0000000002b8e000 Uncommon trap: reason=unstable_if action=reinterpret pc=0x0000000004820a6c method=com.sun.tools.javac.comp.Resolve.findTypeVar(Lcom/sun/tools/javac/comp/Env;Lcom/sun/tools/javac/util/Name;Z)Lcom/sun/tools/javac/code/Symbol; @ 21

Internal exceptions (10 events):
Event: 10.213 Thread 0x0000000002b8e000 Exception <a 'java/io/FileNotFoundException'> (0x00000000d7350a38) thrown at [C:\re\workspace\8-2-build-windows-amd64-cygwin\jdk8u111\7883\hotspot\src\share\vm\prims\jni.cpp, line 709]
Event: 10.226 Thread 0x0000000002b8e000 Exception <a 'java/io/FileNotFoundException'> (0x00000000d7384698) thrown at [C:\re\workspace\8-2-build-windows-amd64-cygwin\jdk8u111\7883\hotspot\src\share\vm\prims\jni.cpp, line 709]
Event: 11.039 Thread 0x0000000002b8e000 Implicit null exception at 0x000000000390d498 to 0x000000000390d4ce
Event: 12.501 Thread 0x0000000002b8e000 Implicit null exception at 0x0000000003bac3cd to 0x0000000003bacba1
Event: 14.788 Thread 0x0000000002b8e000 Implicit null exception at 0x0000000003b3f0c0 to 0x0000000003b3f551
Event: 17.207 Thread 0x0000000002b8e000 Implicit null exception at 0x00000000038fd8b1 to 0x00000000038fddad
Event: 17.222 Thread 0x0000000002b8e000 Implicit null exception at 0x0000000003b3611d to 0x0000000003b36e2d
Event: 17.286 Thread 0x0000000002b8e000 Implicit null exception at 0x00000000039d7b81 to 0x00000000039d9b59
Event: 24.012 Thread 0x0000000002b8e000 Implicit null exception at 0x000000000482ce44 to 0x000000000482cf55
Event: 24.012 Thread 0x0000000002b8e000 Implicit null exception at 0x00000000040b5051 to 0x00000000040b5195

Events (10 events):
Event: 24.918 Thread 0x0000000019963800 flushing nmethod 0x0000000002e02510
Event: 24.918 Thread 0x0000000019963800 flushing nmethod 0x0000000002e04750
Event: 24.918 Thread 0x0000000019963800 flushing nmethod 0x0000000002e20490
Event: 24.918 Thread 0x0000000019963800 flushing nmethod 0x0000000002e2b150
Event: 24.918 Thread 0x0000000019963800 flushing nmethod 0x0000000002e5a350
Event: 24.923 Thread 0x0000000019963800 flushing nmethod 0x0000000002f12ad0
Event: 24.927 Thread 0x0000000019963800 flushing nmethod 0x0000000002fb1b90
Event: 24.927 Thread 0x0000000019963800 flushing nmethod 0x0000000002fb8cd0
Event: 24.927 Thread 0x0000000019963800 flushing nmethod 0x0000000002fe14d0
Event: 24.927 Thread 0x0000000019963800 flushing nmethod 0x000000000301c050


Dynamic libraries:
0x00007ff6112e0000 - 0x00007ff611317000 	C:\Program Files\Java\jdk1.8.0_111\bin\java.exe
0x00007ffdfb730000 - 0x00007ffdfb928000 	C:\Windows\SYSTEM32\ntdll.dll
0x00007ffdf9aa0000 - 0x00007ffdf9b5d000 	C:\Windows\System32\KERNEL32.DLL
0x00007ffdf9470000 - 0x00007ffdf9766000 	C:\Windows\System32\KERNELBASE.dll
0x00007ffdefad0000 - 0x00007ffdefb60000 	C:\Windows\SYSTEM32\apphelp.dll
0x00007ffdf9c70000 - 0x00007ffdf9d20000 	C:\Windows\System32\ADVAPI32.dll
0x00007ffdfb150000 - 0x00007ffdfb1ee000 	C:\Windows\System32\msvcrt.dll
0x00007ffdfaf60000 - 0x00007ffdfb000000 	C:\Windows\System32\sechost.dll
0x00007ffdf9e80000 - 0x00007ffdf9fa3000 	C:\Windows\System32\RPCRT4.dll
0x00007ffdf8df0000 - 0x00007ffdf8e17000 	C:\Windows\System32\bcrypt.dll
0x00007ffdfa040000 - 0x00007ffdfa1df000 	C:\Windows\System32\USER32.dll
0x00007ffdf90e0000 - 0x00007ffdf9102000 	C:\Windows\System32\win32u.dll
0x00007ffdf9fb0000 - 0x00007ffdf9fdb000 	C:\Windows\System32\GDI32.dll
0x00007ffdf8f70000 - 0x00007ffdf9087000 	C:\Windows\System32\gdi32full.dll
0x00007ffdf8ed0000 - 0x00007ffdf8f6d000 	C:\Windows\System32\msvcp_win.dll
0x00007ffdf9110000 - 0x00007ffdf9210000 	C:\Windows\System32\ucrtbase.dll
0x00007ffde7860000 - 0x00007ffde7afa000 	C:\Windows\WinSxS\amd64_microsoft.windows.common-controls_6595b64144ccf1df_6.0.19041.4355_none_60b8b9eb71f62e16\COMCTL32.dll
0x00007ffdfb070000 - 0x00007ffdfb09f000 	C:\Windows\System32\IMM32.DLL
0x0000000060e30000 - 0x0000000060f02000 	C:\Program Files\Java\jdk1.8.0_111\jre\bin\msvcr100.dll
0x0000000060f10000 - 0x00000000617aa000 	C:\Program Files\Java\jdk1.8.0_111\jre\bin\server\jvm.dll
0x00007ffdfb380000 - 0x00007ffdfb388000 	C:\Windows\System32\PSAPI.DLL
0x00007ffddeef0000 - 0x00007ffddef17000 	C:\Windows\SYSTEM32\WINMM.dll
0x00007ffdf1080000 - 0x00007ffdf108a000 	C:\Windows\SYSTEM32\VERSION.dll
0x00007ffdde580000 - 0x00007ffdde589000 	C:\Windows\SYSTEM32\WSOCK32.dll
0x00007ffdfb000000 - 0x00007ffdfb06b000 	C:\Windows\System32\WS2_32.dll
0x0000000060de0000 - 0x0000000060def000 	C:\Program Files\Java\jdk1.8.0_111\jre\bin\verify.dll
0x0000000060db0000 - 0x0000000060dd9000 	C:\Program Files\Java\jdk1.8.0_111\jre\bin\java.dll
0x0000000060d90000 - 0x0000000060da6000 	C:\Program Files\Java\jdk1.8.0_111\jre\bin\zip.dll
0x00007ffdfa290000 - 0x00007ffdfa9fc000 	C:\Windows\System32\SHELL32.dll
0x00007ffdf6940000 - 0x00007ffdf70dd000 	C:\Windows\SYSTEM32\windows.storage.dll
0x00007ffdfb390000 - 0x00007ffdfb6e3000 	C:\Windows\System32\combase.dll
0x00007ffdf8730000 - 0x00007ffdf875e000 	C:\Windows\SYSTEM32\Wldp.dll
0x00007ffdf9b90000 - 0x00007ffdf9c5d000 	C:\Windows\System32\OLEAUT32.dll
0x00007ffdfb0a0000 - 0x00007ffdfb14d000 	C:\Windows\System32\SHCORE.dll
0x00007ffdfb320000 - 0x00007ffdfb375000 	C:\Windows\System32\shlwapi.dll
0x00007ffdf8d20000 - 0x00007ffdf8d44000 	C:\Windows\SYSTEM32\profapi.dll
0x0000000060d70000 - 0x0000000060d8a000 	C:\Program Files\Java\jdk1.8.0_111\jre\bin\net.dll
0x00007ffdf8510000 - 0x00007ffdf857a000 	C:\Windows\system32\mswsock.dll
0x0000000060d50000 - 0x0000000060d61000 	C:\Program Files\Java\jdk1.8.0_111\jre\bin\nio.dll

VM Arguments:
jvm_args: -Dclassworlds.conf=C:\Program Files\NetBeans-11.3\netbeans\java\maven\bin\m2.conf -Dmaven.home=C:\Program Files\NetBeans-11.3\netbeans\java\maven -Dmaven.multiModuleProjectDirectory=C:\Users\user\Documents\AzureDevOps\Servidor 
java_command: org.codehaus.plexus.classworlds.launcher.Launcher -Dmaven.ext.class.path=C:\Program Files\NetBeans-11.3\netbeans\java\maven-nblib\netbeans-eventspy.jar -Dfile.encoding=UTF-8 clean compile assembly:single
java_class_path (initial): C:\Program Files\NetBeans-11.3\netbeans\java\maven\boot\plexus-classworlds-2.5.2.jar
Launcher Type: SUN_STANDARD

Environment Variables:
JAVA_HOME=C:\Program Files\Java\jdk1.8.0_111
PATH=C:\Windows\system32;C:\Windows;C:\Windows\System32\Wbem;C:\Windows\System32\WindowsPowerShell\v1.0\;C:\Windows\System32\OpenSSH\;C:\Program Files\Git\cmd;C:\Users\user\AppData\Roaming\nvm;C:\Program Files\nodejs;C:\Program Files\Java\jdk1.8.0_111\bin;C:\Program Files\Java\jdk-17\bin;C:\Program Files\MySQL\MySQL Server 5.6\bin;C:\Program Files\PuTTY\;C:\Program Files\OpenLogic\jdk-8.0.412.08-hotspot\bin;C:\Program Files (x86)\HBT Interface - R\;;C:\Program Files\Docker\Docker\resources\bin;C:\Users\user\AppData\Local\Microsoft\WindowsApps;C:\Users\user\AppData\Local\GitHubDesktop\bin;C:\Users\user\AppData\Local\Programs\Microsoft VS Code\bin;C:\Users\user\AppData\Roaming\npm
USERNAME=user
OS=Windows_NT
PROCESSOR_IDENTIFIER=Intel64 Family 6 Model 140 Stepping 1, GenuineIntel



---------------  S Y S T E M  ---------------

OS: Windows 10.0 , 64 bit Build 19041 (10.0.19041.3636)

CPU:total 8 (4 cores per cpu, 2 threads per core) family 6 model 140 stepping 1, cmov, cx8, fxsr, mmx, sse, sse2, sse3, ssse3, sse4.1, sse4.2, popcnt, avx, avx2, aes, clmul, erms, 3dnowpref, lzcnt, ht, tsc, tscinvbit, bmi1, bmi2, adx

Memory: 4k page, physical 8075800k(57224k free), swap 33241624k(22392k free)

vm_info: Java HotSpot(TM) 64-Bit Server VM (25.111-b14) for windows-amd64 JRE (1.8.0_111-b14), built on Sep 22 2016 19:24:05 by "java_re" with MS VC++ 10.0 (VS2010)

time: Mon Jun 24 11:21:34 2024
elapsed time: 25 seconds (0d 0h 0m 25s)

